<?xml version="1.0" encoding="UTF-8" ?>
<testsuites name="vitest tests" tests="15" failures="0" errors="0" time="0.364159509">
    <testsuite name="src/pages/__tests__/CompanyDetails.test.tsx" timestamp="2025-07-17T08:42:17.268Z" hostname="FMNZ-C02D5HB1ML7H.local" tests="15" failures="0" errors="0" skipped="0" time="0.364159509">
        <testcase classname="src/pages/__tests__/CompanyDetails.test.tsx" name="CompanyDetails &gt; Loading State &gt; should display loading state initially" time="0.033496771">
        </testcase>
        <testcase classname="src/pages/__tests__/CompanyDetails.test.tsx" name="CompanyDetails &gt; Company Information Display &gt; should display company details correctly" time="0.058203139">
        </testcase>
        <testcase classname="src/pages/__tests__/CompanyDetails.test.tsx" name="CompanyDetails &gt; Company Information Display &gt; should handle company without NZBN" time="0.020004191">
        </testcase>
        <testcase classname="src/pages/__tests__/CompanyDetails.test.tsx" name="CompanyDetails &gt; Directors Section &gt; should display directors list correctly" time="0.034096655">
        </testcase>
        <testcase classname="src/pages/__tests__/CompanyDetails.test.tsx" name="CompanyDetails &gt; Directors Section &gt; should display &quot;no directors&quot; message when no directors exist" time="0.013166582">
        </testcase>
        <testcase classname="src/pages/__tests__/CompanyDetails.test.tsx" name="CompanyDetails &gt; Directors Section &gt; should show appoint director button when authenticated" time="0.09428649">
        </testcase>
        <testcase classname="src/pages/__tests__/CompanyDetails.test.tsx" name="CompanyDetails &gt; Directors Section &gt; should not show appoint director button when not authenticated" time="0.011113245">
        </testcase>
        <testcase classname="src/pages/__tests__/CompanyDetails.test.tsx" name="CompanyDetails &gt; Directors Section &gt; should show resign button for active directors when authenticated" time="0.019337692">
        </testcase>
        <testcase classname="src/pages/__tests__/CompanyDetails.test.tsx" name="CompanyDetails &gt; Directors Section &gt; should not show resign button for resigned directors" time="0.016851072">
        </testcase>
        <testcase classname="src/pages/__tests__/CompanyDetails.test.tsx" name="CompanyDetails &gt; Navigation &gt; should navigate to director appointment page when appoint button is clicked" time="0.020584057">
        </testcase>
        <testcase classname="src/pages/__tests__/CompanyDetails.test.tsx" name="CompanyDetails &gt; Navigation &gt; should navigate to director resignation page when resign button is clicked" time="0.015838492">
        </testcase>
        <testcase classname="src/pages/__tests__/CompanyDetails.test.tsx" name="CompanyDetails &gt; Error Handling &gt; should display error message when company loading fails" time="0.006079781">
        </testcase>
        <testcase classname="src/pages/__tests__/CompanyDetails.test.tsx" name="CompanyDetails &gt; Error Handling &gt; should display error message when directors loading fails" time="0.004955358">
        </testcase>
        <testcase classname="src/pages/__tests__/CompanyDetails.test.tsx" name="CompanyDetails &gt; Error Handling &gt; should handle missing company ID when neither prop nor param is provided" time="0.000398187">
        </testcase>
        <testcase classname="src/pages/__tests__/CompanyDetails.test.tsx" name="CompanyDetails &gt; Props Override &gt; should use prop companyId when provided" time="0.009345635">
    </testsuite>
</testsuites>
