<?xml version="1.0" encoding="UTF-8" ?>
<testsuites name="vitest tests" tests="129" failures="0" errors="0" time="27.748976225">
    <testsuite name="src/components/__tests__/CompanySearch.integration.test.tsx" timestamp="2025-07-17T21:45:26.600Z" hostname="FMNZ-C02D5HB1ML7H.local" tests="2" failures="0" errors="0" skipped="0" time="0.823031738">
        <testcase classname="src/components/__tests__/CompanySearch.integration.test.tsx" name="CompanySearch Integration Tests &gt; should integrate with store and service for end-to-end search flow" time="0.415538702">
        </testcase>
        <testcase classname="src/components/__tests__/CompanySearch.integration.test.tsx" name="CompanySearch Integration Tests &gt; should handle full search workflow with error recovery" time="0.401005016">
        </testcase>
    </testsuite>
    <testsuite name="src/components/__tests__/CompanySearch.test.tsx" timestamp="2025-07-17T21:45:26.602Z" hostname="FMNZ-C02D5HB1ML7H.local" tests="20" failures="0" errors="0" skipped="0" time="4.37698521">
        <testcase classname="src/components/__tests__/CompanySearch.test.tsx" name="CompanySearch &gt; Rendering &gt; should render search input with placeholder" time="0.136465902">
        </testcase>
        <testcase classname="src/components/__tests__/CompanySearch.test.tsx" name="CompanySearch &gt; Rendering &gt; should render search icon initially" time="0.299747447">
        </testcase>
        <testcase classname="src/components/__tests__/CompanySearch.test.tsx" name="CompanySearch &gt; Rendering &gt; should render with proper accessibility attributes" time="0.024005581">
        </testcase>
        <testcase classname="src/components/__tests__/CompanySearch.test.tsx" name="CompanySearch &gt; User Interaction &gt; should update input value when user types" time="0.259897531">
        </testcase>
        <testcase classname="src/components/__tests__/CompanySearch.test.tsx" name="CompanySearch &gt; User Interaction &gt; should show clear button when input has value" time="0.159562329">
        </testcase>
        <testcase classname="src/components/__tests__/CompanySearch.test.tsx" name="CompanySearch &gt; User Interaction &gt; should clear input when clear button is clicked" time="0.210292908">
        </testcase>
        <testcase classname="src/components/__tests__/CompanySearch.test.tsx" name="CompanySearch &gt; User Interaction &gt; should not show clear button when input is empty" time="0.032294836">
        </testcase>
        <testcase classname="src/components/__tests__/CompanySearch.test.tsx" name="CompanySearch &gt; Search Functionality &gt; should trigger search after debounce delay" time="0.48676723">
        </testcase>
        <testcase classname="src/components/__tests__/CompanySearch.test.tsx" name="CompanySearch &gt; Search Functionality &gt; should not trigger search for queries less than 2 characters" time="0.359608206">
        </testcase>
        <testcase classname="src/components/__tests__/CompanySearch.test.tsx" name="CompanySearch &gt; Search Functionality &gt; should clear search when input is empty" time="0.418483937">
        </testcase>
        <testcase classname="src/components/__tests__/CompanySearch.test.tsx" name="CompanySearch &gt; Search Functionality &gt; should show loading state during search" time="0.12071249">
        </testcase>
        <testcase classname="src/components/__tests__/CompanySearch.test.tsx" name="CompanySearch &gt; Search Results Display &gt; should display search results when available" time="0.090015595">
        </testcase>
        <testcase classname="src/components/__tests__/CompanySearch.test.tsx" name="CompanySearch &gt; Search Results Display &gt; should display singular result text for single result" time="0.028917021">
        </testcase>
        <testcase classname="src/components/__tests__/CompanySearch.test.tsx" name="CompanySearch &gt; Search Results Display &gt; should display company details correctly" time="0.031248964">
        </testcase>
        <testcase classname="src/components/__tests__/CompanySearch.test.tsx" name="CompanySearch &gt; Search Results Display &gt; should handle company selection click" time="0.068430257">
        </testcase>
        <testcase classname="src/components/__tests__/CompanySearch.test.tsx" name="CompanySearch &gt; Search Results Display &gt; should display different status styles" time="0.040194368">
        </testcase>
        <testcase classname="src/components/__tests__/CompanySearch.test.tsx" name="CompanySearch &gt; Error Handling &gt; should handle search errors gracefully" time="0.378641143">
        </testcase>
        <testcase classname="src/components/__tests__/CompanySearch.test.tsx" name="CompanySearch &gt; Error Handling &gt; should handle network errors" time="0.422887101">
        </testcase>
        <testcase classname="src/components/__tests__/CompanySearch.test.tsx" name="CompanySearch &gt; Performance &gt; should debounce search requests" time="0.421569978">
        </testcase>
        <testcase classname="src/components/__tests__/CompanySearch.test.tsx" name="CompanySearch &gt; Performance &gt; should cancel previous search when new search is triggered" time="0.368867147">
        </testcase>
    </testsuite>
    <testsuite name="src/pages/__tests__/CompanyDetails.test.tsx" timestamp="2025-07-17T21:45:26.612Z" hostname="FMNZ-C02D5HB1ML7H.local" tests="15" failures="0" errors="0" skipped="0" time="1.581371828">
        <testcase classname="src/pages/__tests__/CompanyDetails.test.tsx" name="CompanyDetails &gt; Loading State &gt; should display loading state initially" time="0.097548806">
        </testcase>
        <testcase classname="src/pages/__tests__/CompanyDetails.test.tsx" name="CompanyDetails &gt; Company Information Display &gt; should display company details correctly" time="0.21463832">
        </testcase>
        <testcase classname="src/pages/__tests__/CompanyDetails.test.tsx" name="CompanyDetails &gt; Company Information Display &gt; should handle company without NZBN" time="0.094430548">
        </testcase>
        <testcase classname="src/pages/__tests__/CompanyDetails.test.tsx" name="CompanyDetails &gt; Directors Section &gt; should display directors list correctly" time="0.161481622">
        </testcase>
        <testcase classname="src/pages/__tests__/CompanyDetails.test.tsx" name="CompanyDetails &gt; Directors Section &gt; should display &quot;no directors&quot; message when no directors exist" time="0.045578741">
        </testcase>
        <testcase classname="src/pages/__tests__/CompanyDetails.test.tsx" name="CompanyDetails &gt; Directors Section &gt; should show appoint director button when authenticated" time="0.376074877">
        </testcase>
        <testcase classname="src/pages/__tests__/CompanyDetails.test.tsx" name="CompanyDetails &gt; Directors Section &gt; should not show appoint director button when not authenticated" time="0.045907189">
        </testcase>
        <testcase classname="src/pages/__tests__/CompanyDetails.test.tsx" name="CompanyDetails &gt; Directors Section &gt; should show resign button for active directors when authenticated" time="0.117211851">
        </testcase>
        <testcase classname="src/pages/__tests__/CompanyDetails.test.tsx" name="CompanyDetails &gt; Directors Section &gt; should not show resign button for resigned directors" time="0.116803794">
        </testcase>
        <testcase classname="src/pages/__tests__/CompanyDetails.test.tsx" name="CompanyDetails &gt; Navigation &gt; should navigate to director appointment page when appoint button is clicked" time="0.125083472">
        </testcase>
        <testcase classname="src/pages/__tests__/CompanyDetails.test.tsx" name="CompanyDetails &gt; Navigation &gt; should navigate to director resignation page when resign button is clicked" time="0.114029979">
        </testcase>
        <testcase classname="src/pages/__tests__/CompanyDetails.test.tsx" name="CompanyDetails &gt; Error Handling &gt; should display error message when company loading fails" time="0.018326652">
        </testcase>
        <testcase classname="src/pages/__tests__/CompanyDetails.test.tsx" name="CompanyDetails &gt; Error Handling &gt; should display error message when directors loading fails" time="0.013704314">
        </testcase>
        <testcase classname="src/pages/__tests__/CompanyDetails.test.tsx" name="CompanyDetails &gt; Error Handling &gt; should handle missing company ID when neither prop nor param is provided" time="0.001098095">
        </testcase>
        <testcase classname="src/pages/__tests__/CompanyDetails.test.tsx" name="CompanyDetails &gt; Props Override &gt; should use prop companyId when provided" time="0.030518837">
        </testcase>
    </testsuite>
    <testsuite name="src/pages/__tests__/CompanyRegistration.test.tsx" timestamp="2025-07-17T21:45:26.617Z" hostname="FMNZ-C02D5HB1ML7H.local" tests="28" failures="0" errors="0" skipped="0" time="10.080227857">
        <testcase classname="src/pages/__tests__/CompanyRegistration.test.tsx" name="CompanyRegistration &gt; renders the registration form with all required fields" time="0.667017475">
        </testcase>
        <testcase classname="src/pages/__tests__/CompanyRegistration.test.tsx" name="CompanyRegistration &gt; has correct default values" time="0.10742972">
        </testcase>
        <testcase classname="src/pages/__tests__/CompanyRegistration.test.tsx" name="CompanyRegistration &gt; validates required fields" time="0.113052653">
        </testcase>
        <testcase classname="src/pages/__tests__/CompanyRegistration.test.tsx" name="CompanyRegistration &gt; validates share capital calculation" time="0.545081404">
        </testcase>
        <testcase classname="src/pages/__tests__/CompanyRegistration.test.tsx" name="CompanyRegistration &gt; validates positive values for share-related fields" time="0.397440503">
        </testcase>
        <testcase classname="src/pages/__tests__/CompanyRegistration.test.tsx" name="CompanyRegistration &gt; checks name availability when typing company name" time="1.001072154">
        </testcase>
        <testcase classname="src/pages/__tests__/CompanyRegistration.test.tsx" name="CompanyRegistration &gt; shows error when company name is not available" time="1.013899171">
        </testcase>
        <testcase classname="src/pages/__tests__/CompanyRegistration.test.tsx" name="CompanyRegistration &gt; shows loading state while checking name availability" time="0.86861661">
        </testcase>
        <testcase classname="src/pages/__tests__/CompanyRegistration.test.tsx" name="CompanyRegistration &gt; handles API errors gracefully" time="0.846659895">
        </testcase>
        <testcase classname="src/pages/__tests__/CompanyRegistration.test.tsx" name="CompanyRegistration &gt; updates form fields correctly" time="0.538036895">
        </testcase>
        <testcase classname="src/pages/__tests__/CompanyRegistration.test.tsx" name="CompanyRegistration &gt; clears field errors when user starts typing" time="0.06221652">
        </testcase>
        <testcase classname="src/pages/__tests__/CompanyRegistration.test.tsx" name="CompanyRegistration &gt; disables submit button when name is not available" time="0.843034843">
        </testcase>
        <testcase classname="src/pages/__tests__/CompanyRegistration.test.tsx" name="CompanyRegistration &gt; shows loading state during form submission" time="0.947503608">
        </testcase>
        <testcase classname="src/pages/__tests__/CompanyRegistration.test.tsx" name="CompanyRegistration &gt; has proper accessibility attributes" time="0.042007292">
        </testcase>
        <testcase classname="src/pages/__tests__/CompanyRegistration.test.tsx" name="CompanyRegistration &gt; File Upload Functionality &gt; renders file upload area with correct styling" time="0.014939024">
        </testcase>
        <testcase classname="src/pages/__tests__/CompanyRegistration.test.tsx" name="CompanyRegistration &gt; File Upload Functionality &gt; accepts valid PDF file" time="0.035826894">
        </testcase>
        <testcase classname="src/pages/__tests__/CompanyRegistration.test.tsx" name="CompanyRegistration &gt; File Upload Functionality &gt; accepts valid DOC file" time="0.026693503">
        </testcase>
        <testcase classname="src/pages/__tests__/CompanyRegistration.test.tsx" name="CompanyRegistration &gt; File Upload Functionality &gt; accepts valid DOCX file" time="0.02548011">
        </testcase>
        <testcase classname="src/pages/__tests__/CompanyRegistration.test.tsx" name="CompanyRegistration &gt; File Upload Functionality &gt; rejects invalid file type" time="0.025803836">
        </testcase>
        <testcase classname="src/pages/__tests__/CompanyRegistration.test.tsx" name="CompanyRegistration &gt; File Upload Functionality &gt; rejects file larger than 5MB" time="0.581665724">
        </testcase>
        <testcase classname="src/pages/__tests__/CompanyRegistration.test.tsx" name="CompanyRegistration &gt; File Upload Functionality &gt; allows removing uploaded file" time="0.058128109">
        </testcase>
        <testcase classname="src/pages/__tests__/CompanyRegistration.test.tsx" name="CompanyRegistration &gt; File Upload Functionality &gt; clears file error when valid file is uploaded" time="0.040849904">
        </testcase>
        <testcase classname="src/pages/__tests__/CompanyRegistration.test.tsx" name="CompanyRegistration &gt; File Upload Functionality &gt; displays file size in MB correctly" time="0.300073836">
        </testcase>
        <testcase classname="src/pages/__tests__/CompanyRegistration.test.tsx" name="CompanyRegistration &gt; File Upload Functionality &gt; handles file upload without selecting file" time="0.035592232">
        </testcase>
        <testcase classname="src/pages/__tests__/CompanyRegistration.test.tsx" name="CompanyRegistration &gt; File Upload Functionality &gt; shows upload area when no file is selected" time="0.012594986">
        </testcase>
        <testcase classname="src/pages/__tests__/CompanyRegistration.test.tsx" name="CompanyRegistration &gt; File Upload Functionality &gt; shows file details when file is selected" time="0.033281336">
        </testcase>
        <testcase classname="src/pages/__tests__/CompanyRegistration.test.tsx" name="CompanyRegistration &gt; Form Integration with File Upload &gt; submits form successfully with constitution file" time="0.833118286">
        </testcase>
        <testcase classname="src/pages/__tests__/CompanyRegistration.test.tsx" name="CompanyRegistration &gt; Form Integration with File Upload &gt; maintains file selection during form validation" time="0.043145623">
        </testcase>
    </testsuite>
    <testsuite name="src/pages/__tests__/DirectorAppointment.test.tsx" timestamp="2025-07-17T21:45:26.626Z" hostname="FMNZ-C02D5HB1ML7H.local" tests="21" failures="0" errors="0" skipped="1" time="8.530901798">
        <testcase classname="src/pages/__tests__/DirectorAppointment.test.tsx" name="DirectorAppointment &gt; renders the director appointment form with all required fields" time="1.043096439">
        </testcase>
        <testcase classname="src/pages/__tests__/DirectorAppointment.test.tsx" name="DirectorAppointment &gt; has correct default values" time="0.266668794">
        </testcase>
        <testcase classname="src/pages/__tests__/DirectorAppointment.test.tsx" name="DirectorAppointment &gt; validates required fields on form submission" time="0.305843312">
        </testcase>
        <testcase classname="src/pages/__tests__/DirectorAppointment.test.tsx" name="DirectorAppointment &gt; validates age requirement (must be 18+)" time="0.475843793">
        </testcase>
        <testcase classname="src/pages/__tests__/DirectorAppointment.test.tsx" name="DirectorAppointment &gt; shows residency warning for non-NZ/AU residents" time="0.310097568">
        </testcase>
        <testcase classname="src/pages/__tests__/DirectorAppointment.test.tsx" name="DirectorAppointment &gt; toggles service address fields when checkbox is unchecked" time="0.293746139">
        </testcase>
        <testcase classname="src/pages/__tests__/DirectorAppointment.test.tsx" name="DirectorAppointment &gt; validates service address when not using residential address" time="1.823406761">
        </testcase>
        <testcase classname="src/pages/__tests__/DirectorAppointment.test.tsx" name="DirectorAppointment &gt; updates form fields correctly" time="0.58577592">
        </testcase>
        <testcase classname="src/pages/__tests__/DirectorAppointment.test.tsx" name="DirectorAppointment &gt; clears field errors when user starts typing" time="0.158176919">
        </testcase>
        <testcase classname="src/pages/__tests__/DirectorAppointment.test.tsx" name="DirectorAppointment &gt; shows loading state during form submission" time="1.214139601">
        </testcase>
        <testcase classname="src/pages/__tests__/DirectorAppointment.test.tsx" name="DirectorAppointment &gt; handles checkbox interactions correctly" time="0.262164004">
        </testcase>
        <testcase classname="src/pages/__tests__/DirectorAppointment.test.tsx" name="DirectorAppointment &gt; has proper accessibility attributes" time="0.098793988">
        </testcase>
        <testcase classname="src/pages/__tests__/DirectorAppointment.test.tsx" name="DirectorAppointment &gt; handles middle name field correctly" time="0.2002223">
        </testcase>
        <testcase classname="src/pages/__tests__/DirectorAppointment.test.tsx" name="DirectorAppointment &gt; handles director role field correctly" time="0.361385892">
        </testcase>
        <testcase classname="src/pages/__tests__/DirectorAppointment.test.tsx" name="DirectorAppointment &gt; validates appointment date field" time="0.164052415">
        </testcase>
        <testcase classname="src/pages/__tests__/DirectorAppointment.test.tsx" name="DirectorAppointment &gt; displays correct section headers and icons" time="0.057437461">
        </testcase>
        <testcase classname="src/pages/__tests__/DirectorAppointment.test.tsx" name="DirectorAppointment &gt; handles consent document upload" time="0.076903899">
        </testcase>
        <testcase classname="src/pages/__tests__/DirectorAppointment.test.tsx" name="DirectorAppointment &gt; handles identification document upload" time="0.075385779">
        </testcase>
        <testcase classname="src/pages/__tests__/DirectorAppointment.test.tsx" name="DirectorAppointment &gt; validates file types for document uploads" time="0">
            <skipped/>
        </testcase>
        <testcase classname="src/pages/__tests__/DirectorAppointment.test.tsx" name="DirectorAppointment &gt; validates file size for document uploads" time="0.649902886">
        </testcase>
        <testcase classname="src/pages/__tests__/DirectorAppointment.test.tsx" name="DirectorAppointment &gt; allows removing uploaded documents" time="0.094762887">
        </testcase>
    </testsuite>
    <testsuite name="src/pages/__tests__/DirectorResignation.test.tsx" timestamp="2025-07-17T21:45:26.631Z" hostname="FMNZ-C02D5HB1ML7H.local" tests="9" failures="0" errors="0" skipped="0" time="1.57974162">
        <testcase classname="src/pages/__tests__/DirectorResignation.test.tsx" name="DirectorResignation &gt; renders the director resignation form" time="0.500517069">
        </testcase>
        <testcase classname="src/pages/__tests__/DirectorResignation.test.tsx" name="DirectorResignation &gt; pre-fills director ID when provided" time="0.08165921">
        </testcase>
        <testcase classname="src/pages/__tests__/DirectorResignation.test.tsx" name="DirectorResignation &gt; validates required fields" time="0.290996045">
        </testcase>
        <testcase classname="src/pages/__tests__/DirectorResignation.test.tsx" name="DirectorResignation &gt; validates confirmation checkbox" time="0.124293443">
        </testcase>
        <testcase classname="src/pages/__tests__/DirectorResignation.test.tsx" name="DirectorResignation &gt; submits form successfully" time="0.144010323">
        </testcase>
        <testcase classname="src/pages/__tests__/DirectorResignation.test.tsx" name="DirectorResignation &gt; handles submission errors" time="0.145020951">
        </testcase>
        <testcase classname="src/pages/__tests__/DirectorResignation.test.tsx" name="DirectorResignation &gt; shows loading state during submission" time="0.104859971">
        </testcase>
        <testcase classname="src/pages/__tests__/DirectorResignation.test.tsx" name="DirectorResignation &gt; resets form when reset button is clicked" time="0.122714025">
        </testcase>
        <testcase classname="src/pages/__tests__/DirectorResignation.test.tsx" name="DirectorResignation &gt; displays important notice about resignation requirements" time="0.040566028">
        </testcase>
    </testsuite>
    <testsuite name="src/pages/__tests__/HomePage.test.tsx" timestamp="2025-07-17T21:45:26.643Z" hostname="FMNZ-C02D5HB1ML7H.local" tests="7" failures="0" errors="0" skipped="0" time="0.670375788">
        <testcase classname="src/pages/__tests__/HomePage.test.tsx" name="HomePage &gt; renders the main page content" time="0.219661766">
        </testcase>
        <testcase classname="src/pages/__tests__/HomePage.test.tsx" name="HomePage &gt; displays success message when provided in location state" time="0.043950582">
        </testcase>
        <testcase classname="src/pages/__tests__/HomePage.test.tsx" name="HomePage &gt; does not display success message when not provided" time="0.058470513">
        </testcase>
        <testcase classname="src/pages/__tests__/HomePage.test.tsx" name="HomePage &gt; displays success message with proper styling" time="0.084527662">
        </testcase>
        <testcase classname="src/pages/__tests__/HomePage.test.tsx" name="HomePage &gt; renders all feature sections" time="0.087809359">
        </testcase>
        <testcase classname="src/pages/__tests__/HomePage.test.tsx" name="HomePage &gt; handles empty success message" time="0.05409551">
        </testcase>
        <testcase classname="src/pages/__tests__/HomePage.test.tsx" name="HomePage &gt; handles undefined success message" time="0.110744525">
        </testcase>
    </testsuite>
    <testsuite name="src/services/__tests__/directorService.test.ts" timestamp="2025-07-17T21:45:26.646Z" hostname="FMNZ-C02D5HB1ML7H.local" tests="9" failures="0" errors="0" skipped="0" time="0.020347877">
        <testcase classname="src/services/__tests__/directorService.test.ts" name="DirectorService &gt; getCountryCode &gt; should convert New Zealand to NZ" time="0.003634351">
        </testcase>
        <testcase classname="src/services/__tests__/directorService.test.ts" name="DirectorService &gt; getCountryCode &gt; should convert Australia to AU" time="0.000384671">
        </testcase>
        <testcase classname="src/services/__tests__/directorService.test.ts" name="DirectorService &gt; getCountryCode &gt; should convert United States variants to US" time="0.000302335">
        </testcase>
        <testcase classname="src/services/__tests__/directorService.test.ts" name="DirectorService &gt; getCountryCode &gt; should convert United Kingdom to GB" time="0.000286303">
        </testcase>
        <testcase classname="src/services/__tests__/directorService.test.ts" name="DirectorService &gt; getCountryCode &gt; should convert Canada to CA" time="0.000254181">
        </testcase>
        <testcase classname="src/services/__tests__/directorService.test.ts" name="DirectorService &gt; getCountryCode &gt; should default to NZ for unrecognized countries" time="0.000603613">
        </testcase>
        <testcase classname="src/services/__tests__/directorService.test.ts" name="DirectorService &gt; getCountryCode &gt; should handle edge cases" time="0.00098404">
        </testcase>
        <testcase classname="src/services/__tests__/directorService.test.ts" name="DirectorService &gt; getCountryCode &gt; should ensure all returned codes are exactly 2 characters" time="0.004810498">
        </testcase>
        <testcase classname="src/services/__tests__/directorService.test.ts" name="DirectorService &gt; getCountryCode &gt; should comply with database VARCHAR(2) constraint" time="0.000635561">
        </testcase>
    </testsuite>
    <testsuite name="src/services/__tests__/registrationService.test.ts" timestamp="2025-07-17T21:45:26.649Z" hostname="FMNZ-C02D5HB1ML7H.local" tests="18" failures="0" errors="0" skipped="0" time="0.085992509">
        <testcase classname="src/services/__tests__/registrationService.test.ts" name="RegistrationService &gt; checkNameAvailability &gt; returns availability status for valid name" time="0.013888091">
        </testcase>
        <testcase classname="src/services/__tests__/registrationService.test.ts" name="RegistrationService &gt; checkNameAvailability &gt; handles special characters in company name" time="0.003028514">
        </testcase>
        <testcase classname="src/services/__tests__/registrationService.test.ts" name="RegistrationService &gt; checkNameAvailability &gt; throws error on HTTP error response" time="0.005030709">
        </testcase>
        <testcase classname="src/services/__tests__/registrationService.test.ts" name="RegistrationService &gt; checkNameAvailability &gt; throws error on network failure" time="0.000759802">
        </testcase>
        <testcase classname="src/services/__tests__/registrationService.test.ts" name="RegistrationService &gt; checkNumberAvailability &gt; returns availability status for valid number" time="0.001074659">
        </testcase>
        <testcase classname="src/services/__tests__/registrationService.test.ts" name="RegistrationService &gt; checkNumberAvailability &gt; handles special characters in company number" time="0.000928629">
        </testcase>
        <testcase classname="src/services/__tests__/registrationService.test.ts" name="RegistrationService &gt; checkNumberAvailability &gt; throws error on HTTP error response" time="0.006830255">
        </testcase>
        <testcase classname="src/services/__tests__/registrationService.test.ts" name="RegistrationService &gt; registerCompany &gt; registers company successfully with authentication" time="0.019361623">
        </testcase>
        <testcase classname="src/services/__tests__/registrationService.test.ts" name="RegistrationService &gt; registerCompany &gt; registers company successfully without authentication" time="0.002373005">
        </testcase>
        <testcase classname="src/services/__tests__/registrationService.test.ts" name="RegistrationService &gt; registerCompany &gt; registers company without optional NZBN" time="0.0012182">
        </testcase>
        <testcase classname="src/services/__tests__/registrationService.test.ts" name="RegistrationService &gt; registerCompany &gt; throws error on HTTP error response" time="0.000886036">
        </testcase>
        <testcase classname="src/services/__tests__/registrationService.test.ts" name="RegistrationService &gt; registerCompany &gt; throws error on network failure" time="0.000683905">
        </testcase>
        <testcase classname="src/services/__tests__/registrationService.test.ts" name="RegistrationService &gt; registerCompany &gt; handles unauthorized access" time="0.000670157">
        </testcase>
        <testcase classname="src/services/__tests__/registrationService.test.ts" name="RegistrationService &gt; generateCompanyNumber &gt; generates a 9-digit company number" time="0.0005407">
        </testcase>
        <testcase classname="src/services/__tests__/registrationService.test.ts" name="RegistrationService &gt; generateCompanyNumber &gt; generates unique company numbers" time="0.004663395">
        </testcase>
        <testcase classname="src/services/__tests__/registrationService.test.ts" name="RegistrationService &gt; generateCompanyNumber &gt; generates numbers with timestamp component" time="0.001696258">
        </testcase>
        <testcase classname="src/services/__tests__/registrationService.test.ts" name="RegistrationService &gt; error handling &gt; handles malformed JSON response" time="0.006991385">
        </testcase>
        <testcase classname="src/services/__tests__/registrationService.test.ts" name="RegistrationService &gt; error handling &gt; handles empty response" time="0.002374542">
        </testcase>
    </testsuite>
</testsuites>
