<?xml version="1.0" encoding="UTF-8" ?>
<testsuites name="vitest tests" tests="27" failures="0" errors="0" time="0.685106631">
    <testsuite name="src/pages/__tests__/CompanyDetails.test.tsx" timestamp="2025-07-18T00:53:56.000Z" hostname="FMNZ-C02D5HB1ML7H.local" tests="27" failures="0" errors="0" skipped="0" time="0.685106631">
        <testcase classname="src/pages/__tests__/CompanyDetails.test.tsx" name="CompanyDetails &gt; Loading State &gt; should display loading state initially" time="0.035009878">
        </testcase>
        <testcase classname="src/pages/__tests__/CompanyDetails.test.tsx" name="CompanyDetails &gt; Company Information Display &gt; should display company details correctly" time="0.075752551">
        </testcase>
        <testcase classname="src/pages/__tests__/CompanyDetails.test.tsx" name="CompanyDetails &gt; Company Information Display &gt; should handle company without NZBN" time="0.027268734">
        </testcase>
        <testcase classname="src/pages/__tests__/CompanyDetails.test.tsx" name="CompanyDetails &gt; Directors Section &gt; should display directors list correctly" time="0.040289485">
        </testcase>
        <testcase classname="src/pages/__tests__/CompanyDetails.test.tsx" name="CompanyDetails &gt; Directors Section &gt; should display &quot;no directors&quot; message when no directors exist" time="0.012006594">
        </testcase>
        <testcase classname="src/pages/__tests__/CompanyDetails.test.tsx" name="CompanyDetails &gt; Directors Section &gt; should show appoint director button when authenticated" time="0.071346968">
        </testcase>
        <testcase classname="src/pages/__tests__/CompanyDetails.test.tsx" name="CompanyDetails &gt; Directors Section &gt; should not show appoint director button when not authenticated" time="0.015993751">
        </testcase>
        <testcase classname="src/pages/__tests__/CompanyDetails.test.tsx" name="CompanyDetails &gt; Directors Section &gt; should show resign button for active directors when authenticated" time="0.029444475">
        </testcase>
        <testcase classname="src/pages/__tests__/CompanyDetails.test.tsx" name="CompanyDetails &gt; Directors Section &gt; should not show resign button for resigned directors" time="0.031947134">
        </testcase>
        <testcase classname="src/pages/__tests__/CompanyDetails.test.tsx" name="CompanyDetails &gt; Navigation &gt; should navigate to director appointment page when appoint button is clicked" time="0.039282095">
        </testcase>
        <testcase classname="src/pages/__tests__/CompanyDetails.test.tsx" name="CompanyDetails &gt; Navigation &gt; should navigate to director resignation page when resign button is clicked" time="0.031804755">
        </testcase>
        <testcase classname="src/pages/__tests__/CompanyDetails.test.tsx" name="CompanyDetails &gt; Error Handling &gt; should display error message when company loading fails" time="0.005236658">
        </testcase>
        <testcase classname="src/pages/__tests__/CompanyDetails.test.tsx" name="CompanyDetails &gt; Error Handling &gt; should display error message when directors loading fails" time="0.006785649">
        </testcase>
        <testcase classname="src/pages/__tests__/CompanyDetails.test.tsx" name="CompanyDetails &gt; Error Handling &gt; should handle missing company ID when neither prop nor param is provided" time="0.000433513">
        </testcase>
        <testcase classname="src/pages/__tests__/CompanyDetails.test.tsx" name="CompanyDetails &gt; Shareholders Section &gt; should display shareholders list correctly" time="0.031181416">
        </testcase>
        <testcase classname="src/pages/__tests__/CompanyDetails.test.tsx" name="CompanyDetails &gt; Shareholders Section &gt; should display shareholder addresses correctly" time="0.021432606">
        </testcase>
        <testcase classname="src/pages/__tests__/CompanyDetails.test.tsx" name="CompanyDetails &gt; Shareholders Section &gt; should display share allocations with correct details" time="0.029216389">
        </testcase>
        <testcase classname="src/pages/__tests__/CompanyDetails.test.tsx" name="CompanyDetails &gt; Shareholders Section &gt; should show register shareholder button when authenticated" time="0.030637866">
        </testcase>
        <testcase classname="src/pages/__tests__/CompanyDetails.test.tsx" name="CompanyDetails &gt; Shareholders Section &gt; should not show register shareholder button when not authenticated" time="0.012014829">
        </testcase>
        <testcase classname="src/pages/__tests__/CompanyDetails.test.tsx" name="CompanyDetails &gt; Shareholders Section &gt; should show transfer buttons for authenticated users" time="0.025382659">
        </testcase>
        <testcase classname="src/pages/__tests__/CompanyDetails.test.tsx" name="CompanyDetails &gt; Shareholders Section &gt; should not show transfer buttons when not authenticated" time="0.011827804">
        </testcase>
        <testcase classname="src/pages/__tests__/CompanyDetails.test.tsx" name="CompanyDetails &gt; Shareholders Section &gt; should display &quot;no shareholders&quot; message when no shareholders exist" time="0.010925995">
        </testcase>
        <testcase classname="src/pages/__tests__/CompanyDetails.test.tsx" name="CompanyDetails &gt; Shareholders Section &gt; should handle navigation to register shareholder page" time="0.025795364">
        </testcase>
        <testcase classname="src/pages/__tests__/CompanyDetails.test.tsx" name="CompanyDetails &gt; Shareholders Section &gt; should handle navigation to share transfer page" time="0.0239291">
        </testcase>
        <testcase classname="src/pages/__tests__/CompanyDetails.test.tsx" name="CompanyDetails &gt; Shareholders Section &gt; should handle shareholders loading error gracefully" time="0.004744094">
        </testcase>
        <testcase classname="src/pages/__tests__/CompanyDetails.test.tsx" name="CompanyDetails &gt; Shareholders Section &gt; should calculate ownership percentages correctly with multiple allocations" time="0.018362735">
        </testcase>
        <testcase classname="src/pages/__tests__/CompanyDetails.test.tsx" name="CompanyDetails &gt; Props Override &gt; should use prop companyId when provided" time="0.011897294">
        </testcase>
    </testsuite>
</testsuites>
