<?xml version="1.0" encoding="UTF-8" ?>
<testsuites name="vitest tests" tests="129" failures="0" errors="0" time="21.702464864">
    <testsuite name="src/pages/__tests__/CompanyDetails.test.tsx" timestamp="2025-07-17T19:41:38.595Z" hostname="FMNZ-C02D5HB1ML7H.local" tests="15" failures="0" errors="0" skipped="0" time="1.23406221">
        <testcase classname="src/pages/__tests__/CompanyDetails.test.tsx" name="CompanyDetails &gt; Loading State &gt; should display loading state initially" time="0.104121607">
        </testcase>
        <testcase classname="src/pages/__tests__/CompanyDetails.test.tsx" name="CompanyDetails &gt; Company Information Display &gt; should display company details correctly" time="0.153297314">
        </testcase>
        <testcase classname="src/pages/__tests__/CompanyDetails.test.tsx" name="CompanyDetails &gt; Company Information Display &gt; should handle company without NZBN" time="0.051157217">
        </testcase>
        <testcase classname="src/pages/__tests__/CompanyDetails.test.tsx" name="CompanyDetails &gt; Directors Section &gt; should display directors list correctly" time="0.103063617">
        </testcase>
        <testcase classname="src/pages/__tests__/CompanyDetails.test.tsx" name="CompanyDetails &gt; Directors Section &gt; should display &quot;no directors&quot; message when no directors exist" time="0.024287933">
        </testcase>
        <testcase classname="src/pages/__tests__/CompanyDetails.test.tsx" name="CompanyDetails &gt; Directors Section &gt; should show appoint director button when authenticated" time="0.246418122">
        </testcase>
        <testcase classname="src/pages/__tests__/CompanyDetails.test.tsx" name="CompanyDetails &gt; Directors Section &gt; should not show appoint director button when not authenticated" time="0.097727665">
        </testcase>
        <testcase classname="src/pages/__tests__/CompanyDetails.test.tsx" name="CompanyDetails &gt; Directors Section &gt; should show resign button for active directors when authenticated" time="0.103108461">
        </testcase>
        <testcase classname="src/pages/__tests__/CompanyDetails.test.tsx" name="CompanyDetails &gt; Directors Section &gt; should not show resign button for resigned directors" time="0.089295569">
        </testcase>
        <testcase classname="src/pages/__tests__/CompanyDetails.test.tsx" name="CompanyDetails &gt; Navigation &gt; should navigate to director appointment page when appoint button is clicked" time="0.098340946">
        </testcase>
        <testcase classname="src/pages/__tests__/CompanyDetails.test.tsx" name="CompanyDetails &gt; Navigation &gt; should navigate to director resignation page when resign button is clicked" time="0.082610287">
        </testcase>
        <testcase classname="src/pages/__tests__/CompanyDetails.test.tsx" name="CompanyDetails &gt; Error Handling &gt; should display error message when company loading fails" time="0.025528587">
        </testcase>
        <testcase classname="src/pages/__tests__/CompanyDetails.test.tsx" name="CompanyDetails &gt; Error Handling &gt; should display error message when directors loading fails" time="0.012696279">
        </testcase>
        <testcase classname="src/pages/__tests__/CompanyDetails.test.tsx" name="CompanyDetails &gt; Error Handling &gt; should handle missing company ID when neither prop nor param is provided" time="0.000864348">
        </testcase>
        <testcase classname="src/pages/__tests__/CompanyDetails.test.tsx" name="CompanyDetails &gt; Props Override &gt; should use prop companyId when provided" time="0.031851999">
        </testcase>
    </testsuite>
    <testsuite name="src/pages/__tests__/CompanyRegistration.test.tsx" timestamp="2025-07-17T19:41:38.604Z" hostname="FMNZ-C02D5HB1ML7H.local" tests="28" failures="0" errors="0" skipped="0" time="8.567461322">
        <testcase classname="src/pages/__tests__/CompanyRegistration.test.tsx" name="CompanyRegistration &gt; renders the registration form with all required fields" time="0.373717941">
        </testcase>
        <testcase classname="src/pages/__tests__/CompanyRegistration.test.tsx" name="CompanyRegistration &gt; has correct default values" time="0.173331946">
        </testcase>
        <testcase classname="src/pages/__tests__/CompanyRegistration.test.tsx" name="CompanyRegistration &gt; validates required fields" time="0.120781496">
        </testcase>
        <testcase classname="src/pages/__tests__/CompanyRegistration.test.tsx" name="CompanyRegistration &gt; validates share capital calculation" time="0.419603564">
        </testcase>
        <testcase classname="src/pages/__tests__/CompanyRegistration.test.tsx" name="CompanyRegistration &gt; validates positive values for share-related fields" time="0.229610701">
        </testcase>
        <testcase classname="src/pages/__tests__/CompanyRegistration.test.tsx" name="CompanyRegistration &gt; checks name availability when typing company name" time="0.920893317">
        </testcase>
        <testcase classname="src/pages/__tests__/CompanyRegistration.test.tsx" name="CompanyRegistration &gt; shows error when company name is not available" time="0.93713203">
        </testcase>
        <testcase classname="src/pages/__tests__/CompanyRegistration.test.tsx" name="CompanyRegistration &gt; shows loading state while checking name availability" time="0.807342068">
        </testcase>
        <testcase classname="src/pages/__tests__/CompanyRegistration.test.tsx" name="CompanyRegistration &gt; handles API errors gracefully" time="0.81636432">
        </testcase>
        <testcase classname="src/pages/__tests__/CompanyRegistration.test.tsx" name="CompanyRegistration &gt; updates form fields correctly" time="0.389189185">
        </testcase>
        <testcase classname="src/pages/__tests__/CompanyRegistration.test.tsx" name="CompanyRegistration &gt; clears field errors when user starts typing" time="0.042252935">
        </testcase>
        <testcase classname="src/pages/__tests__/CompanyRegistration.test.tsx" name="CompanyRegistration &gt; disables submit button when name is not available" time="0.817477918">
        </testcase>
        <testcase classname="src/pages/__tests__/CompanyRegistration.test.tsx" name="CompanyRegistration &gt; shows loading state during form submission" time="0.900011337">
        </testcase>
        <testcase classname="src/pages/__tests__/CompanyRegistration.test.tsx" name="CompanyRegistration &gt; has proper accessibility attributes" time="0.023294513">
        </testcase>
        <testcase classname="src/pages/__tests__/CompanyRegistration.test.tsx" name="CompanyRegistration &gt; File Upload Functionality &gt; renders file upload area with correct styling" time="0.013305639">
        </testcase>
        <testcase classname="src/pages/__tests__/CompanyRegistration.test.tsx" name="CompanyRegistration &gt; File Upload Functionality &gt; accepts valid PDF file" time="0.025240914">
        </testcase>
        <testcase classname="src/pages/__tests__/CompanyRegistration.test.tsx" name="CompanyRegistration &gt; File Upload Functionality &gt; accepts valid DOC file" time="0.01808478">
        </testcase>
        <testcase classname="src/pages/__tests__/CompanyRegistration.test.tsx" name="CompanyRegistration &gt; File Upload Functionality &gt; accepts valid DOCX file" time="0.017847114">
        </testcase>
        <testcase classname="src/pages/__tests__/CompanyRegistration.test.tsx" name="CompanyRegistration &gt; File Upload Functionality &gt; rejects invalid file type" time="0.020852243">
        </testcase>
        <testcase classname="src/pages/__tests__/CompanyRegistration.test.tsx" name="CompanyRegistration &gt; File Upload Functionality &gt; rejects file larger than 5MB" time="0.487531966">
        </testcase>
        <testcase classname="src/pages/__tests__/CompanyRegistration.test.tsx" name="CompanyRegistration &gt; File Upload Functionality &gt; allows removing uploaded file" time="0.034976723">
        </testcase>
        <testcase classname="src/pages/__tests__/CompanyRegistration.test.tsx" name="CompanyRegistration &gt; File Upload Functionality &gt; clears file error when valid file is uploaded" time="0.025117902">
        </testcase>
        <testcase classname="src/pages/__tests__/CompanyRegistration.test.tsx" name="CompanyRegistration &gt; File Upload Functionality &gt; displays file size in MB correctly" time="0.16751834">
        </testcase>
        <testcase classname="src/pages/__tests__/CompanyRegistration.test.tsx" name="CompanyRegistration &gt; File Upload Functionality &gt; handles file upload without selecting file" time="0.014060147">
        </testcase>
        <testcase classname="src/pages/__tests__/CompanyRegistration.test.tsx" name="CompanyRegistration &gt; File Upload Functionality &gt; shows upload area when no file is selected" time="0.009520469">
        </testcase>
        <testcase classname="src/pages/__tests__/CompanyRegistration.test.tsx" name="CompanyRegistration &gt; File Upload Functionality &gt; shows file details when file is selected" time="0.017976432">
        </testcase>
        <testcase classname="src/pages/__tests__/CompanyRegistration.test.tsx" name="CompanyRegistration &gt; Form Integration with File Upload &gt; submits form successfully with constitution file" time="0.709940549">
        </testcase>
        <testcase classname="src/pages/__tests__/CompanyRegistration.test.tsx" name="CompanyRegistration &gt; Form Integration with File Upload &gt; maintains file selection during form validation" time="0.023560041">
        </testcase>
    </testsuite>
    <testsuite name="src/pages/__tests__/DirectorAppointment.test.tsx" timestamp="2025-07-17T19:41:38.609Z" hostname="FMNZ-C02D5HB1ML7H.local" tests="21" failures="0" errors="0" skipped="1" time="5.715436974">
        <testcase classname="src/pages/__tests__/DirectorAppointment.test.tsx" name="DirectorAppointment &gt; renders the director appointment form with all required fields" time="0.77644575">
        </testcase>
        <testcase classname="src/pages/__tests__/DirectorAppointment.test.tsx" name="DirectorAppointment &gt; has correct default values" time="0.199072874">
        </testcase>
        <testcase classname="src/pages/__tests__/DirectorAppointment.test.tsx" name="DirectorAppointment &gt; validates required fields on form submission" time="0.222569094">
        </testcase>
        <testcase classname="src/pages/__tests__/DirectorAppointment.test.tsx" name="DirectorAppointment &gt; validates age requirement (must be 18+)" time="0.271497788">
        </testcase>
        <testcase classname="src/pages/__tests__/DirectorAppointment.test.tsx" name="DirectorAppointment &gt; shows residency warning for non-NZ/AU residents" time="0.216557151">
        </testcase>
        <testcase classname="src/pages/__tests__/DirectorAppointment.test.tsx" name="DirectorAppointment &gt; toggles service address fields when checkbox is unchecked" time="0.148276785">
        </testcase>
        <testcase classname="src/pages/__tests__/DirectorAppointment.test.tsx" name="DirectorAppointment &gt; validates service address when not using residential address" time="1.244793305">
        </testcase>
        <testcase classname="src/pages/__tests__/DirectorAppointment.test.tsx" name="DirectorAppointment &gt; updates form fields correctly" time="0.402906482">
        </testcase>
        <testcase classname="src/pages/__tests__/DirectorAppointment.test.tsx" name="DirectorAppointment &gt; clears field errors when user starts typing" time="0.085258176">
        </testcase>
        <testcase classname="src/pages/__tests__/DirectorAppointment.test.tsx" name="DirectorAppointment &gt; shows loading state during form submission" time="0.842586245">
        </testcase>
        <testcase classname="src/pages/__tests__/DirectorAppointment.test.tsx" name="DirectorAppointment &gt; handles checkbox interactions correctly" time="0.14028059">
        </testcase>
        <testcase classname="src/pages/__tests__/DirectorAppointment.test.tsx" name="DirectorAppointment &gt; has proper accessibility attributes" time="0.063821802">
        </testcase>
        <testcase classname="src/pages/__tests__/DirectorAppointment.test.tsx" name="DirectorAppointment &gt; handles middle name field correctly" time="0.135269351">
        </testcase>
        <testcase classname="src/pages/__tests__/DirectorAppointment.test.tsx" name="DirectorAppointment &gt; handles director role field correctly" time="0.170136679">
        </testcase>
        <testcase classname="src/pages/__tests__/DirectorAppointment.test.tsx" name="DirectorAppointment &gt; validates appointment date field" time="0.07974949">
        </testcase>
        <testcase classname="src/pages/__tests__/DirectorAppointment.test.tsx" name="DirectorAppointment &gt; displays correct section headers and icons" time="0.044621351">
        </testcase>
        <testcase classname="src/pages/__tests__/DirectorAppointment.test.tsx" name="DirectorAppointment &gt; handles consent document upload" time="0.057017049">
        </testcase>
        <testcase classname="src/pages/__tests__/DirectorAppointment.test.tsx" name="DirectorAppointment &gt; handles identification document upload" time="0.051780292">
        </testcase>
        <testcase classname="src/pages/__tests__/DirectorAppointment.test.tsx" name="DirectorAppointment &gt; validates file types for document uploads" time="0">
            <skipped/>
        </testcase>
        <testcase classname="src/pages/__tests__/DirectorAppointment.test.tsx" name="DirectorAppointment &gt; validates file size for document uploads" time="0.475600646">
        </testcase>
        <testcase classname="src/pages/__tests__/DirectorAppointment.test.tsx" name="DirectorAppointment &gt; allows removing uploaded documents" time="0.075798953">
        </testcase>
    </testsuite>
    <testsuite name="src/pages/__tests__/DirectorResignation.test.tsx" timestamp="2025-07-17T19:41:38.615Z" hostname="FMNZ-C02D5HB1ML7H.local" tests="9" failures="0" errors="0" skipped="0" time="1.162813385">
        <testcase classname="src/pages/__tests__/DirectorResignation.test.tsx" name="DirectorResignation &gt; renders the director resignation form" time="0.324292711">
        </testcase>
        <testcase classname="src/pages/__tests__/DirectorResignation.test.tsx" name="DirectorResignation &gt; pre-fills director ID when provided" time="0.038342922">
        </testcase>
        <testcase classname="src/pages/__tests__/DirectorResignation.test.tsx" name="DirectorResignation &gt; validates required fields" time="0.237720472">
        </testcase>
        <testcase classname="src/pages/__tests__/DirectorResignation.test.tsx" name="DirectorResignation &gt; validates confirmation checkbox" time="0.153132605">
        </testcase>
        <testcase classname="src/pages/__tests__/DirectorResignation.test.tsx" name="DirectorResignation &gt; submits form successfully" time="0.10610841">
        </testcase>
        <testcase classname="src/pages/__tests__/DirectorResignation.test.tsx" name="DirectorResignation &gt; handles submission errors" time="0.091180159">
        </testcase>
        <testcase classname="src/pages/__tests__/DirectorResignation.test.tsx" name="DirectorResignation &gt; shows loading state during submission" time="0.111841664">
        </testcase>
        <testcase classname="src/pages/__tests__/DirectorResignation.test.tsx" name="DirectorResignation &gt; resets form when reset button is clicked" time="0.068706809">
        </testcase>
        <testcase classname="src/pages/__tests__/DirectorResignation.test.tsx" name="DirectorResignation &gt; displays important notice about resignation requirements" time="0.024705165">
        </testcase>
    </testsuite>
    <testsuite name="src/pages/__tests__/HomePage.test.tsx" timestamp="2025-07-17T19:41:38.618Z" hostname="FMNZ-C02D5HB1ML7H.local" tests="7" failures="0" errors="0" skipped="0" time="0.466938778">
        <testcase classname="src/pages/__tests__/HomePage.test.tsx" name="HomePage &gt; renders the main page content" time="0.176856941">
        </testcase>
        <testcase classname="src/pages/__tests__/HomePage.test.tsx" name="HomePage &gt; displays success message when provided in location state" time="0.037839283">
        </testcase>
        <testcase classname="src/pages/__tests__/HomePage.test.tsx" name="HomePage &gt; does not display success message when not provided" time="0.053724193">
        </testcase>
        <testcase classname="src/pages/__tests__/HomePage.test.tsx" name="HomePage &gt; displays success message with proper styling" time="0.056568367">
        </testcase>
        <testcase classname="src/pages/__tests__/HomePage.test.tsx" name="HomePage &gt; renders all feature sections" time="0.063441493">
        </testcase>
        <testcase classname="src/pages/__tests__/HomePage.test.tsx" name="HomePage &gt; handles empty success message" time="0.048929897">
        </testcase>
        <testcase classname="src/pages/__tests__/HomePage.test.tsx" name="HomePage &gt; handles undefined success message" time="0.019652373">
        </testcase>
    </testsuite>
    <testsuite name="src/components/__tests__/CompanySearch.integration.test.tsx" timestamp="2025-07-17T19:41:38.621Z" hostname="FMNZ-C02D5HB1ML7H.local" tests="2" failures="0" errors="0" skipped="0" time="0.708205272">
        <testcase classname="src/components/__tests__/CompanySearch.integration.test.tsx" name="CompanySearch Integration Tests &gt; should integrate with store and service for end-to-end search flow" time="0.320105012">
        </testcase>
        <testcase classname="src/components/__tests__/CompanySearch.integration.test.tsx" name="CompanySearch Integration Tests &gt; should handle full search workflow with error recovery" time="0.380435135">
        </testcase>
    </testsuite>
    <testsuite name="src/components/__tests__/CompanySearch.test.tsx" timestamp="2025-07-17T19:41:38.621Z" hostname="FMNZ-C02D5HB1ML7H.local" tests="20" failures="0" errors="0" skipped="0" time="3.784442114">
        <testcase classname="src/components/__tests__/CompanySearch.test.tsx" name="CompanySearch &gt; Rendering &gt; should render search input with placeholder" time="0.091225218">
        </testcase>
        <testcase classname="src/components/__tests__/CompanySearch.test.tsx" name="CompanySearch &gt; Rendering &gt; should render search icon initially" time="0.203047746">
        </testcase>
        <testcase classname="src/components/__tests__/CompanySearch.test.tsx" name="CompanySearch &gt; Rendering &gt; should render with proper accessibility attributes" time="0.064805873">
        </testcase>
        <testcase classname="src/components/__tests__/CompanySearch.test.tsx" name="CompanySearch &gt; User Interaction &gt; should update input value when user types" time="0.233291417">
        </testcase>
        <testcase classname="src/components/__tests__/CompanySearch.test.tsx" name="CompanySearch &gt; User Interaction &gt; should show clear button when input has value" time="0.10922142">
        </testcase>
        <testcase classname="src/components/__tests__/CompanySearch.test.tsx" name="CompanySearch &gt; User Interaction &gt; should clear input when clear button is clicked" time="0.174326027">
        </testcase>
        <testcase classname="src/components/__tests__/CompanySearch.test.tsx" name="CompanySearch &gt; User Interaction &gt; should not show clear button when input is empty" time="0.00715157">
        </testcase>
        <testcase classname="src/components/__tests__/CompanySearch.test.tsx" name="CompanySearch &gt; Search Functionality &gt; should trigger search after debounce delay" time="0.442402421">
        </testcase>
        <testcase classname="src/components/__tests__/CompanySearch.test.tsx" name="CompanySearch &gt; Search Functionality &gt; should not trigger search for queries less than 2 characters" time="0.342791918">
        </testcase>
        <testcase classname="src/components/__tests__/CompanySearch.test.tsx" name="CompanySearch &gt; Search Functionality &gt; should clear search when input is empty" time="0.351209">
        </testcase>
        <testcase classname="src/components/__tests__/CompanySearch.test.tsx" name="CompanySearch &gt; Search Functionality &gt; should show loading state during search" time="0.083371818">
        </testcase>
        <testcase classname="src/components/__tests__/CompanySearch.test.tsx" name="CompanySearch &gt; Search Results Display &gt; should display search results when available" time="0.07380159">
        </testcase>
        <testcase classname="src/components/__tests__/CompanySearch.test.tsx" name="CompanySearch &gt; Search Results Display &gt; should display singular result text for single result" time="0.014059079">
        </testcase>
        <testcase classname="src/components/__tests__/CompanySearch.test.tsx" name="CompanySearch &gt; Search Results Display &gt; should display company details correctly" time="0.021381602">
        </testcase>
        <testcase classname="src/components/__tests__/CompanySearch.test.tsx" name="CompanySearch &gt; Search Results Display &gt; should handle company selection click" time="0.051308638">
        </testcase>
        <testcase classname="src/components/__tests__/CompanySearch.test.tsx" name="CompanySearch &gt; Search Results Display &gt; should display different status styles" time="0.033312107">
        </testcase>
        <testcase classname="src/components/__tests__/CompanySearch.test.tsx" name="CompanySearch &gt; Error Handling &gt; should handle search errors gracefully" time="0.359385023">
        </testcase>
        <testcase classname="src/components/__tests__/CompanySearch.test.tsx" name="CompanySearch &gt; Error Handling &gt; should handle network errors" time="0.400589995">
        </testcase>
        <testcase classname="src/components/__tests__/CompanySearch.test.tsx" name="CompanySearch &gt; Performance &gt; should debounce search requests" time="0.374167996">
        </testcase>
        <testcase classname="src/components/__tests__/CompanySearch.test.tsx" name="CompanySearch &gt; Performance &gt; should cancel previous search when new search is triggered" time="0.345021145">
        </testcase>
    </testsuite>
    <testsuite name="src/services/__tests__/directorService.test.ts" timestamp="2025-07-17T19:41:38.637Z" hostname="FMNZ-C02D5HB1ML7H.local" tests="9" failures="0" errors="0" skipped="0" time="0.013715553">
        <testcase classname="src/services/__tests__/directorService.test.ts" name="DirectorService &gt; getCountryCode &gt; should convert New Zealand to NZ" time="0.002789265">
        </testcase>
        <testcase classname="src/services/__tests__/directorService.test.ts" name="DirectorService &gt; getCountryCode &gt; should convert Australia to AU" time="0.000730716">
        </testcase>
        <testcase classname="src/services/__tests__/directorService.test.ts" name="DirectorService &gt; getCountryCode &gt; should convert United States variants to US" time="0.000709768">
        </testcase>
        <testcase classname="src/services/__tests__/directorService.test.ts" name="DirectorService &gt; getCountryCode &gt; should convert United Kingdom to GB" time="0.000235647">
        </testcase>
        <testcase classname="src/services/__tests__/directorService.test.ts" name="DirectorService &gt; getCountryCode &gt; should convert Canada to CA" time="0.000297779">
        </testcase>
        <testcase classname="src/services/__tests__/directorService.test.ts" name="DirectorService &gt; getCountryCode &gt; should default to NZ for unrecognized countries" time="0.000411678">
        </testcase>
        <testcase classname="src/services/__tests__/directorService.test.ts" name="DirectorService &gt; getCountryCode &gt; should handle edge cases" time="0.000616694">
        </testcase>
        <testcase classname="src/services/__tests__/directorService.test.ts" name="DirectorService &gt; getCountryCode &gt; should ensure all returned codes are exactly 2 characters" time="0.002133769">
        </testcase>
        <testcase classname="src/services/__tests__/directorService.test.ts" name="DirectorService &gt; getCountryCode &gt; should comply with database VARCHAR(2) constraint" time="0.000406181">
        </testcase>
    </testsuite>
    <testsuite name="src/services/__tests__/registrationService.test.ts" timestamp="2025-07-17T19:41:38.641Z" hostname="FMNZ-C02D5HB1ML7H.local" tests="18" failures="0" errors="0" skipped="0" time="0.049389256">
        <testcase classname="src/services/__tests__/registrationService.test.ts" name="RegistrationService &gt; checkNameAvailability &gt; returns availability status for valid name" time="0.008986016">
        </testcase>
        <testcase classname="src/services/__tests__/registrationService.test.ts" name="RegistrationService &gt; checkNameAvailability &gt; handles special characters in company name" time="0.001212204">
        </testcase>
        <testcase classname="src/services/__tests__/registrationService.test.ts" name="RegistrationService &gt; checkNameAvailability &gt; throws error on HTTP error response" time="0.00441517">
        </testcase>
        <testcase classname="src/services/__tests__/registrationService.test.ts" name="RegistrationService &gt; checkNameAvailability &gt; throws error on network failure" time="0.001033442">
        </testcase>
        <testcase classname="src/services/__tests__/registrationService.test.ts" name="RegistrationService &gt; checkNumberAvailability &gt; returns availability status for valid number" time="0.000953478">
        </testcase>
        <testcase classname="src/services/__tests__/registrationService.test.ts" name="RegistrationService &gt; checkNumberAvailability &gt; handles special characters in company number" time="0.001103179">
        </testcase>
        <testcase classname="src/services/__tests__/registrationService.test.ts" name="RegistrationService &gt; checkNumberAvailability &gt; throws error on HTTP error response" time="0.000751417">
        </testcase>
        <testcase classname="src/services/__tests__/registrationService.test.ts" name="RegistrationService &gt; registerCompany &gt; registers company successfully with authentication" time="0.002225321">
        </testcase>
        <testcase classname="src/services/__tests__/registrationService.test.ts" name="RegistrationService &gt; registerCompany &gt; registers company successfully without authentication" time="0.000812053">
        </testcase>
        <testcase classname="src/services/__tests__/registrationService.test.ts" name="RegistrationService &gt; registerCompany &gt; registers company without optional NZBN" time="0.000830102">
        </testcase>
        <testcase classname="src/services/__tests__/registrationService.test.ts" name="RegistrationService &gt; registerCompany &gt; throws error on HTTP error response" time="0.000710042">
        </testcase>
        <testcase classname="src/services/__tests__/registrationService.test.ts" name="RegistrationService &gt; registerCompany &gt; throws error on network failure" time="0.000709081">
        </testcase>
        <testcase classname="src/services/__tests__/registrationService.test.ts" name="RegistrationService &gt; registerCompany &gt; handles unauthorized access" time="0.003075366">
        </testcase>
        <testcase classname="src/services/__tests__/registrationService.test.ts" name="RegistrationService &gt; generateCompanyNumber &gt; generates a 9-digit company number" time="0.003521116">
        </testcase>
        <testcase classname="src/services/__tests__/registrationService.test.ts" name="RegistrationService &gt; generateCompanyNumber &gt; generates unique company numbers" time="0.002115902">
        </testcase>
        <testcase classname="src/services/__tests__/registrationService.test.ts" name="RegistrationService &gt; generateCompanyNumber &gt; generates numbers with timestamp component" time="0.001320472">
        </testcase>
        <testcase classname="src/services/__tests__/registrationService.test.ts" name="RegistrationService &gt; error handling &gt; handles malformed JSON response" time="0.000809426">
        </testcase>
        <testcase classname="src/services/__tests__/registrationService.test.ts" name="RegistrationService &gt; error handling &gt; handles empty response" time="0.000688499">
        </testcase>
    </testsuite>
</testsuites>
