<?xml version="1.0" encoding="UTF-8" ?>
<testsuites name="vitest tests" tests="7" failures="0" errors="0" time="0.146823363">
    <testsuite name="src/pages/__tests__/HomePage.test.tsx" timestamp="2025-07-16T18:37:43.023Z" hostname="FMNZ-C02D5HB1ML7H.local" tests="7" failures="0" errors="0" skipped="0" time="0.146823363">
        <testcase classname="src/pages/__tests__/HomePage.test.tsx" name="HomePage &gt; renders the main page content" time="0.062395466">
        </testcase>
        <testcase classname="src/pages/__tests__/HomePage.test.tsx" name="HomePage &gt; displays success message when provided in location state" time="0.012241089">
        </testcase>
        <testcase classname="src/pages/__tests__/HomePage.test.tsx" name="HomePage &gt; does not display success message when not provided" time="0.01370615">
        </testcase>
        <testcase classname="src/pages/__tests__/HomePage.test.tsx" name="HomePage &gt; displays success message with proper styling" time="0.01166175">
        </testcase>
        <testcase classname="src/pages/__tests__/HomePage.test.tsx" name="HomePage &gt; renders all feature sections" time="0.01442415">
        </testcase>
        <testcase classname="src/pages/__tests__/HomePage.test.tsx" name="HomePage &gt; handles empty success message" time="0.013146236">
        </testcase>
        <testcase classname="src/pages/__tests__/HomePage.test.tsx" name="HomePage &gt; handles undefined success message" time="0.014138722">
        </testcase>
    </testsuite>
</testsuites>
