<?xml version="1.0" encoding="UTF-8" ?>
<testsuites name="vitest tests" tests="21" failures="0" errors="0" time="2.759414052">
    <testsuite name="src/pages/__tests__/DirectorAppointment.test.tsx" timestamp="2025-07-17T01:08:27.038Z" hostname="FMNZ-C02D5HB1ML7H.ad.fostermoore.com" tests="21" failures="0" errors="0" skipped="1" time="2.759414052">
        <testcase classname="src/pages/__tests__/DirectorAppointment.test.tsx" name="DirectorAppointment &gt; renders the director appointment form with all required fields" time="0.177245946">
        </testcase>
        <testcase classname="src/pages/__tests__/DirectorAppointment.test.tsx" name="DirectorAppointment &gt; has correct default values" time="0.037327021">
        </testcase>
        <testcase classname="src/pages/__tests__/DirectorAppointment.test.tsx" name="DirectorAppointment &gt; validates required fields on form submission" time="0.061886236">
        </testcase>
        <testcase classname="src/pages/__tests__/DirectorAppointment.test.tsx" name="DirectorAppointment &gt; validates age requirement (must be 18+)" time="0.150711447">
        </testcase>
        <testcase classname="src/pages/__tests__/DirectorAppointment.test.tsx" name="DirectorAppointment &gt; shows residency warning for non-NZ/AU residents" time="0.07662449">
        </testcase>
        <testcase classname="src/pages/__tests__/DirectorAppointment.test.tsx" name="DirectorAppointment &gt; toggles service address fields when checkbox is unchecked" time="0.055609018">
        </testcase>
        <testcase classname="src/pages/__tests__/DirectorAppointment.test.tsx" name="DirectorAppointment &gt; validates service address when not using residential address" time="0.608600121">
        </testcase>
        <testcase classname="src/pages/__tests__/DirectorAppointment.test.tsx" name="DirectorAppointment &gt; updates form fields correctly" time="0.271053592">
        </testcase>
        <testcase classname="src/pages/__tests__/DirectorAppointment.test.tsx" name="DirectorAppointment &gt; clears field errors when user starts typing" time="0.051638823">
        </testcase>
        <testcase classname="src/pages/__tests__/DirectorAppointment.test.tsx" name="DirectorAppointment &gt; shows loading state during form submission" time="0.465823991">
        </testcase>
        <testcase classname="src/pages/__tests__/DirectorAppointment.test.tsx" name="DirectorAppointment &gt; handles checkbox interactions correctly" time="0.080313548">
        </testcase>
        <testcase classname="src/pages/__tests__/DirectorAppointment.test.tsx" name="DirectorAppointment &gt; has proper accessibility attributes" time="0.033858245">
        </testcase>
        <testcase classname="src/pages/__tests__/DirectorAppointment.test.tsx" name="DirectorAppointment &gt; handles middle name field correctly" time="0.103015378">
        </testcase>
        <testcase classname="src/pages/__tests__/DirectorAppointment.test.tsx" name="DirectorAppointment &gt; handles director role field correctly" time="0.123974355">
        </testcase>
        <testcase classname="src/pages/__tests__/DirectorAppointment.test.tsx" name="DirectorAppointment &gt; validates appointment date field" time="0.039031968">
        </testcase>
        <testcase classname="src/pages/__tests__/DirectorAppointment.test.tsx" name="DirectorAppointment &gt; displays correct section headers and icons" time="0.019702086">
        </testcase>
        <testcase classname="src/pages/__tests__/DirectorAppointment.test.tsx" name="DirectorAppointment &gt; handles consent document upload" time="0.034545159">
        </testcase>
        <testcase classname="src/pages/__tests__/DirectorAppointment.test.tsx" name="DirectorAppointment &gt; handles identification document upload" time="0.030965559">
        </testcase>
        <testcase classname="src/pages/__tests__/DirectorAppointment.test.tsx" name="DirectorAppointment &gt; validates file types for document uploads" time="0">
            <skipped/>
        </testcase>
        <testcase classname="src/pages/__tests__/DirectorAppointment.test.tsx" name="DirectorAppointment &gt; validates file size for document uploads" time="0.279244415">
        </testcase>
        <testcase classname="src/pages/__tests__/DirectorAppointment.test.tsx" name="DirectorAppointment &gt; allows removing uploaded documents" time="0.053542606">
        </testcase>
    </testsuite>
</testsuites>
