<?xml version="1.0" encoding="UTF-8" ?>
<testsuites name="vitest tests" tests="75" failures="0" errors="0" time="10.108536185">
    <testsuite name="src/components/__tests__/CompanySearch.integration.test.tsx" timestamp="2025-07-16T23:10:58.119Z" hostname="FMNZ-C02D5HB1ML7H.ad.fostermoore.com" tests="2" failures="0" errors="0" skipped="0" time="0.745907205">
        <testcase classname="src/components/__tests__/CompanySearch.integration.test.tsx" name="CompanySearch Integration Tests &gt; should integrate with store and service for end-to-end search flow" time="0.362296485">
        </testcase>
        <testcase classname="src/components/__tests__/CompanySearch.integration.test.tsx" name="CompanySearch Integration Tests &gt; should handle full search workflow with error recovery" time="0.376310161">
        </testcase>
    </testsuite>
    <testsuite name="src/components/__tests__/CompanySearch.test.tsx" timestamp="2025-07-16T23:10:58.121Z" hostname="FMNZ-C02D5HB1ML7H.ad.fostermoore.com" tests="20" failures="0" errors="0" skipped="0" time="3.049139541">
        <testcase classname="src/components/__tests__/CompanySearch.test.tsx" name="CompanySearch &gt; Rendering &gt; should render search input with placeholder" time="0.068609297">
        </testcase>
        <testcase classname="src/components/__tests__/CompanySearch.test.tsx" name="CompanySearch &gt; Rendering &gt; should render search icon initially" time="0.095926509">
        </testcase>
        <testcase classname="src/components/__tests__/CompanySearch.test.tsx" name="CompanySearch &gt; Rendering &gt; should render with proper accessibility attributes" time="0.020105127">
        </testcase>
        <testcase classname="src/components/__tests__/CompanySearch.test.tsx" name="CompanySearch &gt; User Interaction &gt; should update input value when user types" time="0.116468047">
        </testcase>
        <testcase classname="src/components/__tests__/CompanySearch.test.tsx" name="CompanySearch &gt; User Interaction &gt; should show clear button when input has value" time="0.051069128">
        </testcase>
        <testcase classname="src/components/__tests__/CompanySearch.test.tsx" name="CompanySearch &gt; User Interaction &gt; should clear input when clear button is clicked" time="0.087747316">
        </testcase>
        <testcase classname="src/components/__tests__/CompanySearch.test.tsx" name="CompanySearch &gt; User Interaction &gt; should not show clear button when input is empty" time="0.0049192">
        </testcase>
        <testcase classname="src/components/__tests__/CompanySearch.test.tsx" name="CompanySearch &gt; Search Functionality &gt; should trigger search after debounce delay" time="0.363430663">
        </testcase>
        <testcase classname="src/components/__tests__/CompanySearch.test.tsx" name="CompanySearch &gt; Search Functionality &gt; should not trigger search for queries less than 2 characters" time="0.325540372">
        </testcase>
        <testcase classname="src/components/__tests__/CompanySearch.test.tsx" name="CompanySearch &gt; Search Functionality &gt; should clear search when input is empty" time="0.344616694">
        </testcase>
        <testcase classname="src/components/__tests__/CompanySearch.test.tsx" name="CompanySearch &gt; Search Functionality &gt; should show loading state during search" time="0.068526927">
        </testcase>
        <testcase classname="src/components/__tests__/CompanySearch.test.tsx" name="CompanySearch &gt; Search Results Display &gt; should display search results when available" time="0.034865145">
        </testcase>
        <testcase classname="src/components/__tests__/CompanySearch.test.tsx" name="CompanySearch &gt; Search Results Display &gt; should display singular result text for single result" time="0.006787258">
        </testcase>
        <testcase classname="src/components/__tests__/CompanySearch.test.tsx" name="CompanySearch &gt; Search Results Display &gt; should display company details correctly" time="0.008912452">
        </testcase>
        <testcase classname="src/components/__tests__/CompanySearch.test.tsx" name="CompanySearch &gt; Search Results Display &gt; should handle company selection click" time="0.018134769">
        </testcase>
        <testcase classname="src/components/__tests__/CompanySearch.test.tsx" name="CompanySearch &gt; Search Results Display &gt; should display different status styles" time="0.009303898">
        </testcase>
        <testcase classname="src/components/__tests__/CompanySearch.test.tsx" name="CompanySearch &gt; Error Handling &gt; should handle search errors gracefully" time="0.335364549">
        </testcase>
        <testcase classname="src/components/__tests__/CompanySearch.test.tsx" name="CompanySearch &gt; Error Handling &gt; should handle network errors" time="0.357724316">
        </testcase>
        <testcase classname="src/components/__tests__/CompanySearch.test.tsx" name="CompanySearch &gt; Performance &gt; should debounce search requests" time="0.374631628">
        </testcase>
        <testcase classname="src/components/__tests__/CompanySearch.test.tsx" name="CompanySearch &gt; Performance &gt; should cancel previous search when new search is triggered" time="0.348012713">
        </testcase>
    </testsuite>
    <testsuite name="src/pages/__tests__/CompanyRegistration.test.tsx" timestamp="2025-07-16T23:10:58.128Z" hostname="FMNZ-C02D5HB1ML7H.ad.fostermoore.com" tests="28" failures="0" errors="0" skipped="0" time="6.044791534">
        <testcase classname="src/pages/__tests__/CompanyRegistration.test.tsx" name="CompanyRegistration &gt; renders the registration form with all required fields" time="0.226577059">
        </testcase>
        <testcase classname="src/pages/__tests__/CompanyRegistration.test.tsx" name="CompanyRegistration &gt; has correct default values" time="0.029872572">
        </testcase>
        <testcase classname="src/pages/__tests__/CompanyRegistration.test.tsx" name="CompanyRegistration &gt; validates required fields" time="0.04490903">
        </testcase>
        <testcase classname="src/pages/__tests__/CompanyRegistration.test.tsx" name="CompanyRegistration &gt; validates share capital calculation" time="0.217699288">
        </testcase>
        <testcase classname="src/pages/__tests__/CompanyRegistration.test.tsx" name="CompanyRegistration &gt; validates positive values for share-related fields" time="0.121047607">
        </testcase>
        <testcase classname="src/pages/__tests__/CompanyRegistration.test.tsx" name="CompanyRegistration &gt; checks name availability when typing company name" time="0.600844623">
        </testcase>
        <testcase classname="src/pages/__tests__/CompanyRegistration.test.tsx" name="CompanyRegistration &gt; shows error when company name is not available" time="0.660317187">
        </testcase>
        <testcase classname="src/pages/__tests__/CompanyRegistration.test.tsx" name="CompanyRegistration &gt; shows loading state while checking name availability" time="0.775295845">
        </testcase>
        <testcase classname="src/pages/__tests__/CompanyRegistration.test.tsx" name="CompanyRegistration &gt; handles API errors gracefully" time="0.576501159">
        </testcase>
        <testcase classname="src/pages/__tests__/CompanyRegistration.test.tsx" name="CompanyRegistration &gt; updates form fields correctly" time="0.295674182">
        </testcase>
        <testcase classname="src/pages/__tests__/CompanyRegistration.test.tsx" name="CompanyRegistration &gt; clears field errors when user starts typing" time="0.028214795">
        </testcase>
        <testcase classname="src/pages/__tests__/CompanyRegistration.test.tsx" name="CompanyRegistration &gt; disables submit button when name is not available" time="0.586146346">
        </testcase>
        <testcase classname="src/pages/__tests__/CompanyRegistration.test.tsx" name="CompanyRegistration &gt; shows loading state during form submission" time="0.613048455">
        </testcase>
        <testcase classname="src/pages/__tests__/CompanyRegistration.test.tsx" name="CompanyRegistration &gt; has proper accessibility attributes" time="0.017397183">
        </testcase>
        <testcase classname="src/pages/__tests__/CompanyRegistration.test.tsx" name="CompanyRegistration &gt; File Upload Functionality &gt; renders file upload area with correct styling" time="0.008423613">
        </testcase>
        <testcase classname="src/pages/__tests__/CompanyRegistration.test.tsx" name="CompanyRegistration &gt; File Upload Functionality &gt; accepts valid PDF file" time="0.014241423">
        </testcase>
        <testcase classname="src/pages/__tests__/CompanyRegistration.test.tsx" name="CompanyRegistration &gt; File Upload Functionality &gt; accepts valid DOC file" time="0.011870209">
        </testcase>
        <testcase classname="src/pages/__tests__/CompanyRegistration.test.tsx" name="CompanyRegistration &gt; File Upload Functionality &gt; accepts valid DOCX file" time="0.01272849">
        </testcase>
        <testcase classname="src/pages/__tests__/CompanyRegistration.test.tsx" name="CompanyRegistration &gt; File Upload Functionality &gt; rejects invalid file type" time="0.012919373">
        </testcase>
        <testcase classname="src/pages/__tests__/CompanyRegistration.test.tsx" name="CompanyRegistration &gt; File Upload Functionality &gt; rejects file larger than 5MB" time="0.267902196">
        </testcase>
        <testcase classname="src/pages/__tests__/CompanyRegistration.test.tsx" name="CompanyRegistration &gt; File Upload Functionality &gt; allows removing uploaded file" time="0.037069233">
        </testcase>
        <testcase classname="src/pages/__tests__/CompanyRegistration.test.tsx" name="CompanyRegistration &gt; File Upload Functionality &gt; clears file error when valid file is uploaded" time="0.027702124">
        </testcase>
        <testcase classname="src/pages/__tests__/CompanyRegistration.test.tsx" name="CompanyRegistration &gt; File Upload Functionality &gt; displays file size in MB correctly" time="0.109065608">
        </testcase>
        <testcase classname="src/pages/__tests__/CompanyRegistration.test.tsx" name="CompanyRegistration &gt; File Upload Functionality &gt; handles file upload without selecting file" time="0.009406061">
        </testcase>
        <testcase classname="src/pages/__tests__/CompanyRegistration.test.tsx" name="CompanyRegistration &gt; File Upload Functionality &gt; shows upload area when no file is selected" time="0.008780279">
        </testcase>
        <testcase classname="src/pages/__tests__/CompanyRegistration.test.tsx" name="CompanyRegistration &gt; File Upload Functionality &gt; shows file details when file is selected" time="0.019974054">
        </testcase>
        <testcase classname="src/pages/__tests__/CompanyRegistration.test.tsx" name="CompanyRegistration &gt; Form Integration with File Upload &gt; submits form successfully with constitution file" time="0.683782651">
        </testcase>
        <testcase classname="src/pages/__tests__/CompanyRegistration.test.tsx" name="CompanyRegistration &gt; Form Integration with File Upload &gt; maintains file selection during form validation" time="0.020564652">
        </testcase>
    </testsuite>
    <testsuite name="src/pages/__tests__/HomePage.test.tsx" timestamp="2025-07-16T23:10:58.133Z" hostname="FMNZ-C02D5HB1ML7H.ad.fostermoore.com" tests="7" failures="0" errors="0" skipped="0" time="0.235897176">
        <testcase classname="src/pages/__tests__/HomePage.test.tsx" name="HomePage &gt; renders the main page content" time="0.086201757">
        </testcase>
        <testcase classname="src/pages/__tests__/HomePage.test.tsx" name="HomePage &gt; displays success message when provided in location state" time="0.025125197">
        </testcase>
        <testcase classname="src/pages/__tests__/HomePage.test.tsx" name="HomePage &gt; does not display success message when not provided" time="0.034677042">
        </testcase>
        <testcase classname="src/pages/__tests__/HomePage.test.tsx" name="HomePage &gt; displays success message with proper styling" time="0.022435638">
        </testcase>
        <testcase classname="src/pages/__tests__/HomePage.test.tsx" name="HomePage &gt; renders all feature sections" time="0.029220429">
        </testcase>
        <testcase classname="src/pages/__tests__/HomePage.test.tsx" name="HomePage &gt; handles empty success message" time="0.015024665">
        </testcase>
        <testcase classname="src/pages/__tests__/HomePage.test.tsx" name="HomePage &gt; handles undefined success message" time="0.01706525">
        </testcase>
    </testsuite>
    <testsuite name="src/services/__tests__/registrationService.test.ts" timestamp="2025-07-16T23:10:58.135Z" hostname="FMNZ-C02D5HB1ML7H.ad.fostermoore.com" tests="18" failures="0" errors="0" skipped="0" time="0.032800729">
        <testcase classname="src/services/__tests__/registrationService.test.ts" name="RegistrationService &gt; checkNameAvailability &gt; returns availability status for valid name" time="0.006367284">
        </testcase>
        <testcase classname="src/services/__tests__/registrationService.test.ts" name="RegistrationService &gt; checkNameAvailability &gt; handles special characters in company name" time="0.001788746">
        </testcase>
        <testcase classname="src/services/__tests__/registrationService.test.ts" name="RegistrationService &gt; checkNameAvailability &gt; throws error on HTTP error response" time="0.002649435">
        </testcase>
        <testcase classname="src/services/__tests__/registrationService.test.ts" name="RegistrationService &gt; checkNameAvailability &gt; throws error on network failure" time="0.001019435">
        </testcase>
        <testcase classname="src/services/__tests__/registrationService.test.ts" name="RegistrationService &gt; checkNumberAvailability &gt; returns availability status for valid number" time="0.000943276">
        </testcase>
        <testcase classname="src/services/__tests__/registrationService.test.ts" name="RegistrationService &gt; checkNumberAvailability &gt; handles special characters in company number" time="0.00059737">
        </testcase>
        <testcase classname="src/services/__tests__/registrationService.test.ts" name="RegistrationService &gt; checkNumberAvailability &gt; throws error on HTTP error response" time="0.000807814">
        </testcase>
        <testcase classname="src/services/__tests__/registrationService.test.ts" name="RegistrationService &gt; registerCompany &gt; registers company successfully with authentication" time="0.00192685">
        </testcase>
        <testcase classname="src/services/__tests__/registrationService.test.ts" name="RegistrationService &gt; registerCompany &gt; registers company successfully without authentication" time="0.001654399">
        </testcase>
        <testcase classname="src/services/__tests__/registrationService.test.ts" name="RegistrationService &gt; registerCompany &gt; registers company without optional NZBN" time="0.001085722">
        </testcase>
        <testcase classname="src/services/__tests__/registrationService.test.ts" name="RegistrationService &gt; registerCompany &gt; throws error on HTTP error response" time="0.000735253">
        </testcase>
        <testcase classname="src/services/__tests__/registrationService.test.ts" name="RegistrationService &gt; registerCompany &gt; throws error on network failure" time="0.00055575">
        </testcase>
        <testcase classname="src/services/__tests__/registrationService.test.ts" name="RegistrationService &gt; registerCompany &gt; handles unauthorized access" time="0.000703589">
        </testcase>
        <testcase classname="src/services/__tests__/registrationService.test.ts" name="RegistrationService &gt; generateCompanyNumber &gt; generates a 9-digit company number" time="0.000638001">
        </testcase>
        <testcase classname="src/services/__tests__/registrationService.test.ts" name="RegistrationService &gt; generateCompanyNumber &gt; generates unique company numbers" time="0.001696094">
        </testcase>
        <testcase classname="src/services/__tests__/registrationService.test.ts" name="RegistrationService &gt; generateCompanyNumber &gt; generates numbers with timestamp component" time="0.000450521">
        </testcase>
        <testcase classname="src/services/__tests__/registrationService.test.ts" name="RegistrationService &gt; error handling &gt; handles malformed JSON response" time="0.000591231">
        </testcase>
        <testcase classname="src/services/__tests__/registrationService.test.ts" name="RegistrationService &gt; error handling &gt; handles empty response" time="0.000364572">
        </testcase>
    </testsuite>
</testsuites>
